2024-06-09 17:39:42,270 [Worker-0: Loading available Gradle versions] INFO  o.e.b.c.i.u.g.PublishedGradleVersions - Gradle version information cache is up-to-date. Trying to read.
2024-06-09 17:53:43,462 [Worker-9: Import Getting Started Content] INFO  o.e.m.c.i.l.LifecycleMappingFactory - Using org.eclipse.m2e.jdt.JarLifecycleMapping lifecycle mapping for MavenProject: com.cibertec:LP2_CL1_NunezPaucarHugo:0.0.1-SNAPSHOT @ E:\CIBERTEC\CICLO IV\Lenguaje de progrmacion II\Laboratorio\LP2_CL1_NuñezPaucarHugo\pom.xml.
2024-06-09 17:53:45,308 [Worker-9: Import Getting Started Content] INFO  o.e.m.c.i.e.AbstractTransferListenerAdapter - Downloading https://repo.maven.apache.org/maven2/com/microsoft/sqlserver/mssql-jdbc/12.6.1.jre11/mssql-jdbc-12.6.1.jre11.pom
2024-06-09 17:53:45,335 [Worker-9: Import Getting Started Content] INFO  o.e.m.c.i.e.AbstractTransferListenerAdapter - Downloaded https://repo.maven.apache.org/maven2/com/microsoft/sqlserver/mssql-jdbc/12.6.1.jre11/mssql-jdbc-12.6.1.jre11.pom
2024-06-09 17:53:45,819 [Worker-9: Import Getting Started Content] INFO  o.e.m.c.i.e.AbstractTransferListenerAdapter - Downloading https://repo.maven.apache.org/maven2/com/microsoft/sqlserver/mssql-jdbc/12.6.1.jre11/mssql-jdbc-12.6.1.jre11.jar
2024-06-09 17:53:46,130 [Worker-9: Import Getting Started Content] INFO  o.e.m.c.i.e.AbstractTransferListenerAdapter - Downloaded https://repo.maven.apache.org/maven2/com/microsoft/sqlserver/mssql-jdbc/12.6.1.jre11/mssql-jdbc-12.6.1.jre11.jar
2024-06-09 17:53:48,168 [Worker-9: Import Getting Started Content] INFO  o.e.m.j.i.AbstractJavaProjectConfigurator - Adding source folder /LP2_CL1_NuñezPaucarHugo/src/main/java
2024-06-09 17:53:48,171 [Worker-9: Import Getting Started Content] INFO  o.e.m.j.i.AbstractJavaProjectConfigurator - Adding resource folder /LP2_CL1_NuñezPaucarHugo/src/main/resources
2024-06-09 17:53:48,176 [Worker-9: Import Getting Started Content] INFO  o.e.m.j.i.AbstractJavaProjectConfigurator - Adding resource folder /LP2_CL1_NuñezPaucarHugo/src/main/resources
2024-06-09 17:53:48,181 [Worker-9: Import Getting Started Content] INFO  o.e.m.j.i.AbstractJavaProjectConfigurator - Adding source folder /LP2_CL1_NuñezPaucarHugo/src/test/java
2024-06-09 17:53:48,183 [Worker-9: Import Getting Started Content] INFO  o.e.m.j.i.AbstractJavaProjectConfigurator - Adding resource folder /LP2_CL1_NuñezPaucarHugo/src/test/resources
2024-06-09 17:53:48,389 [Worker-10: Download sources and javadoc] INFO  o.e.m.c.i.e.AbstractTransferListenerAdapter - Downloading https://repo.maven.apache.org/maven2/com/microsoft/sqlserver/mssql-jdbc/12.6.1.jre11/mssql-jdbc-12.6.1.jre11-sources.jar
2024-06-09 17:53:48,611 [Worker-10: Download sources and javadoc] INFO  o.e.m.c.i.e.AbstractTransferListenerAdapter - Downloaded https://repo.maven.apache.org/maven2/com/microsoft/sqlserver/mssql-jdbc/12.6.1.jre11/mssql-jdbc-12.6.1.jre11-sources.jar
2024-06-09 17:53:48,658 [Worker-10: Download sources and javadoc] INFO  o.e.m.j.internal.DownloadSourcesJob - Downloaded sources for com.microsoft.sqlserver:mssql-jdbc:12.6.1.jre11
2024-06-09 17:53:49,330 [Worker-9: Import Getting Started Content] INFO  o.e.m.c.i.p.ProjectConfigurationManager - Imported and configured 1 project(s) in 9 sec
2024-06-09 17:53:49,334 [Worker-9: Import Getting Started Content] INFO  o.e.m.c.i.p.ProjectConfigurationManager - Update started
2024-06-09 17:53:51,553 [Worker-9: Import Getting Started Content] INFO  o.e.m.c.i.l.LifecycleMappingFactory - Using org.eclipse.m2e.jdt.JarLifecycleMapping lifecycle mapping for MavenProject: com.cibertec:LP2_CL1_NunezPaucarHugo:0.0.1-SNAPSHOT @ E:\CIBERTEC\CICLO IV\Lenguaje de progrmacion II\Laboratorio\LP2_CL1_NuñezPaucarHugo\pom.xml.
2024-06-09 17:53:55,959 [Worker-9: Import Getting Started Content] INFO  o.e.m.j.i.AbstractJavaProjectConfigurator - Adding source folder /LP2_CL1_NuñezPaucarHugo/src/main/java
2024-06-09 17:53:55,961 [Worker-9: Import Getting Started Content] INFO  o.e.m.j.i.AbstractJavaProjectConfigurator - Adding resource folder /LP2_CL1_NuñezPaucarHugo/src/main/resources
2024-06-09 17:53:55,963 [Worker-9: Import Getting Started Content] INFO  o.e.m.j.i.AbstractJavaProjectConfigurator - Adding resource folder /LP2_CL1_NuñezPaucarHugo/src/main/resources
2024-06-09 17:53:55,966 [Worker-9: Import Getting Started Content] INFO  o.e.m.j.i.AbstractJavaProjectConfigurator - Adding source folder /LP2_CL1_NuñezPaucarHugo/src/test/java
2024-06-09 17:53:55,970 [Worker-9: Import Getting Started Content] INFO  o.e.m.j.i.AbstractJavaProjectConfigurator - Adding resource folder /LP2_CL1_NuñezPaucarHugo/src/test/resources
2024-06-09 17:53:57,012 [Worker-9: Import Getting Started Content] INFO  o.e.m.c.i.p.ProjectConfigurationManager - Update completed for 1 poms: local refresh takes 0.00 sec, refresh facades takes 6.00 sec, update config takes 0.00 sec 
2024-06-09 17:53:58,768 [Worker-1: Building] INFO  o.a.m.s.f.DefaultMavenResourcesFiltering - Copying 1 resource from src\main\resources to target\classes
2024-06-09 17:53:59,114 [Worker-1: Building] INFO  o.a.m.s.f.DefaultMavenResourcesFiltering - Copying 0 resource from src\main\resources to target\classes
2024-06-09 17:53:59,123 [Worker-1: Building] INFO  o.a.m.s.f.DefaultMavenResourcesFiltering - skip non existing resourceDirectory E:\CIBERTEC\CICLO IV\Lenguaje de progrmacion II\Laboratorio\LP2_CL1_NuñezPaucarHugo\src\test\resources
2024-06-09 17:56:30,392 [Worker-9: Building] INFO  o.a.m.s.f.DefaultMavenResourcesFiltering - Copying 1 resource from src\main\resources to target\classes
2024-06-09 17:56:30,420 [Worker-9: Building] INFO  o.a.m.s.f.DefaultMavenResourcesFiltering - Copying 0 resource from src\main\resources to target\classes
2024-06-09 17:56:30,425 [Worker-9: Building] INFO  o.a.m.s.f.DefaultMavenResourcesFiltering - skip non existing resourceDirectory E:\CIBERTEC\CICLO IV\Lenguaje de progrmacion II\Laboratorio\LP2_CL1_NuñezPaucarHugo\src\test\resources
2024-06-09 17:58:48,671 [Worker-16: Building] INFO  o.a.m.s.f.DefaultMavenResourcesFiltering - Copying 1 resource from src\main\resources to target\classes
2024-06-09 17:58:48,699 [Worker-16: Building] INFO  o.a.m.s.f.DefaultMavenResourcesFiltering - Copying 0 resource from src\main\resources to target\classes
2024-06-09 17:58:48,724 [Worker-16: Building] INFO  o.a.m.s.f.DefaultMavenResourcesFiltering - skip non existing resourceDirectory E:\CIBERTEC\CICLO IV\Lenguaje de progrmacion II\Laboratorio\LP2_CL1_NuñezPaucarHugo\src\test\resources
2024-06-09 17:59:23,680 [Worker-17: Building] INFO  o.a.m.s.f.DefaultMavenResourcesFiltering - Copying 1 resource from src\main\resources to target\classes
2024-06-09 17:59:23,729 [Worker-17: Building] INFO  o.a.m.s.f.DefaultMavenResourcesFiltering - Copying 0 resource from src\main\resources to target\classes
2024-06-09 17:59:23,734 [Worker-17: Building] INFO  o.a.m.s.f.DefaultMavenResourcesFiltering - skip non existing resourceDirectory E:\CIBERTEC\CICLO IV\Lenguaje de progrmacion II\Laboratorio\LP2_CL1_NuñezPaucarHugo\src\test\resources
2024-06-09 18:00:59,488 [Worker-10: Building] INFO  o.a.m.s.f.DefaultMavenResourcesFiltering - Copying 1 resource from src\main\resources to target\classes
2024-06-09 18:00:59,506 [Worker-10: Building] INFO  o.a.m.s.f.DefaultMavenResourcesFiltering - Copying 0 resource from src\main\resources to target\classes
2024-06-09 18:00:59,511 [Worker-10: Building] INFO  o.a.m.s.f.DefaultMavenResourcesFiltering - skip non existing resourceDirectory E:\CIBERTEC\CICLO IV\Lenguaje de progrmacion II\Laboratorio\LP2_CL1_NuñezPaucarHugo\src\test\resources
2024-06-09 18:02:24,584 [Worker-19: Building] INFO  o.a.m.s.f.DefaultMavenResourcesFiltering - Copying 1 resource from src\main\resources to target\classes
2024-06-09 18:02:24,658 [Worker-19: Building] INFO  o.a.m.s.f.DefaultMavenResourcesFiltering - Copying 0 resource from src\main\resources to target\classes
2024-06-09 18:02:24,661 [Worker-19: Building] INFO  o.a.m.s.f.DefaultMavenResourcesFiltering - skip non existing resourceDirectory E:\CIBERTEC\CICLO IV\Lenguaje de progrmacion II\Laboratorio\LP2_CL1_NuñezPaucarHugo\src\test\resources
2024-06-09 18:04:07,544 [Worker-13: Building] INFO  o.a.m.s.f.DefaultMavenResourcesFiltering - Copying 1 resource from src\main\resources to target\classes
2024-06-09 18:04:07,651 [Worker-13: Building] INFO  o.a.m.s.f.DefaultMavenResourcesFiltering - Copying 0 resource from src\main\resources to target\classes
2024-06-09 18:04:07,665 [Worker-13: Building] INFO  o.a.m.s.f.DefaultMavenResourcesFiltering - skip non existing resourceDirectory E:\CIBERTEC\CICLO IV\Lenguaje de progrmacion II\Laboratorio\LP2_CL1_NuñezPaucarHugo\src\test\resources
2024-06-09 18:05:16,641 [Worker-10: Building] INFO  o.a.m.s.f.DefaultMavenResourcesFiltering - Copying 1 resource from src\main\resources to target\classes
2024-06-09 18:05:16,694 [Worker-10: Building] INFO  o.a.m.s.f.DefaultMavenResourcesFiltering - Copying 0 resource from src\main\resources to target\classes
2024-06-09 18:05:16,702 [Worker-10: Building] INFO  o.a.m.s.f.DefaultMavenResourcesFiltering - skip non existing resourceDirectory E:\CIBERTEC\CICLO IV\Lenguaje de progrmacion II\Laboratorio\LP2_CL1_NuñezPaucarHugo\src\test\resources
2024-06-09 18:06:56,510 [Worker-22: Building] INFO  o.a.m.s.f.DefaultMavenResourcesFiltering - Copying 1 resource from src\main\resources to target\classes
2024-06-09 18:06:56,519 [Worker-22: Building] INFO  o.a.m.s.f.DefaultMavenResourcesFiltering - Copying 0 resource from src\main\resources to target\classes
2024-06-09 18:06:56,523 [Worker-22: Building] INFO  o.a.m.s.f.DefaultMavenResourcesFiltering - skip non existing resourceDirectory E:\CIBERTEC\CICLO IV\Lenguaje de progrmacion II\Laboratorio\LP2_CL1_NuñezPaucarHugo\src\test\resources
2024-06-09 18:07:20,996 [Worker-10: Building] INFO  o.a.m.s.f.DefaultMavenResourcesFiltering - Copying 1 resource from src\main\resources to target\classes
2024-06-09 18:07:21,007 [Worker-10: Building] INFO  o.a.m.s.f.DefaultMavenResourcesFiltering - Copying 0 resource from src\main\resources to target\classes
2024-06-09 18:07:21,011 [Worker-10: Building] INFO  o.a.m.s.f.DefaultMavenResourcesFiltering - skip non existing resourceDirectory E:\CIBERTEC\CICLO IV\Lenguaje de progrmacion II\Laboratorio\LP2_CL1_NuñezPaucarHugo\src\test\resources
2024-06-09 18:12:44,554 [Worker-23: Building] INFO  o.a.m.s.f.DefaultMavenResourcesFiltering - Copying 1 resource from src\main\resources to target\classes
2024-06-09 18:12:44,565 [Worker-23: Building] INFO  o.a.m.s.f.DefaultMavenResourcesFiltering - Copying 0 resource from src\main\resources to target\classes
2024-06-09 18:12:44,569 [Worker-23: Building] INFO  o.a.m.s.f.DefaultMavenResourcesFiltering - skip non existing resourceDirectory E:\CIBERTEC\CICLO IV\Lenguaje de progrmacion II\Laboratorio\LP2_CL1_NuñezPaucarHugo\src\test\resources
2024-06-09 18:16:12,063 [Worker-21: Building] INFO  o.a.m.s.f.DefaultMavenResourcesFiltering - Copying 1 resource from src\main\resources to target\classes
2024-06-09 18:16:12,070 [Worker-21: Building] INFO  o.a.m.s.f.DefaultMavenResourcesFiltering - Copying 0 resource from src\main\resources to target\classes
2024-06-09 18:16:12,074 [Worker-21: Building] INFO  o.a.m.s.f.DefaultMavenResourcesFiltering - skip non existing resourceDirectory E:\CIBERTEC\CICLO IV\Lenguaje de progrmacion II\Laboratorio\LP2_CL1_NuñezPaucarHugo\src\test\resources
2024-06-09 18:17:11,998 [Worker-22: Building] INFO  o.a.m.s.f.DefaultMavenResourcesFiltering - Copying 1 resource from src\main\resources to target\classes
2024-06-09 18:17:12,007 [Worker-22: Building] INFO  o.a.m.s.f.DefaultMavenResourcesFiltering - Copying 0 resource from src\main\resources to target\classes
2024-06-09 18:17:12,011 [Worker-22: Building] INFO  o.a.m.s.f.DefaultMavenResourcesFiltering - skip non existing resourceDirectory E:\CIBERTEC\CICLO IV\Lenguaje de progrmacion II\Laboratorio\LP2_CL1_NuñezPaucarHugo\src\test\resources
2024-06-09 18:22:59,996 [Worker-25: Building] INFO  o.a.m.s.f.DefaultMavenResourcesFiltering - Copying 1 resource from src\main\resources to target\classes
2024-06-09 18:23:00,005 [Worker-25: Building] INFO  o.a.m.s.f.DefaultMavenResourcesFiltering - Copying 0 resource from src\main\resources to target\classes
2024-06-09 18:23:00,010 [Worker-25: Building] INFO  o.a.m.s.f.DefaultMavenResourcesFiltering - skip non existing resourceDirectory E:\CIBERTEC\CICLO IV\Lenguaje de progrmacion II\Laboratorio\LP2_CL1_NuñezPaucarHugo\src\test\resources
2024-06-09 18:23:13,498 [Worker-25: Building] INFO  o.a.m.s.f.DefaultMavenResourcesFiltering - Copying 1 resource from src\main\resources to target\classes
2024-06-09 18:23:13,505 [Worker-25: Building] INFO  o.a.m.s.f.DefaultMavenResourcesFiltering - Copying 0 resource from src\main\resources to target\classes
2024-06-09 18:23:13,510 [Worker-25: Building] INFO  o.a.m.s.f.DefaultMavenResourcesFiltering - skip non existing resourceDirectory E:\CIBERTEC\CICLO IV\Lenguaje de progrmacion II\Laboratorio\LP2_CL1_NuñezPaucarHugo\src\test\resources
2024-06-09 18:23:59,480 [Worker-25: Building] INFO  o.a.m.s.f.DefaultMavenResourcesFiltering - Copying 1 resource from src\main\resources to target\classes
2024-06-09 18:23:59,486 [Worker-25: Building] INFO  o.a.m.s.f.DefaultMavenResourcesFiltering - Copying 0 resource from src\main\resources to target\classes
2024-06-09 18:23:59,489 [Worker-25: Building] INFO  o.a.m.s.f.DefaultMavenResourcesFiltering - skip non existing resourceDirectory E:\CIBERTEC\CICLO IV\Lenguaje de progrmacion II\Laboratorio\LP2_CL1_NuñezPaucarHugo\src\test\resources
2024-06-09 18:29:00,851 [Worker-29: Building] INFO  o.a.m.s.f.DefaultMavenResourcesFiltering - Copying 1 resource from src\main\resources to target\classes
2024-06-09 18:29:00,866 [Worker-29: Building] INFO  o.a.m.s.f.DefaultMavenResourcesFiltering - Copying 0 resource from src\main\resources to target\classes
2024-06-09 18:29:00,867 [Worker-29: Building] INFO  o.a.m.s.f.DefaultMavenResourcesFiltering - skip non existing resourceDirectory E:\CIBERTEC\CICLO IV\Lenguaje de progrmacion II\Laboratorio\LP2_CL1_NuñezPaucarHugo\src\test\resources
2024-06-09 18:29:02,590 [Worker-24: Building] INFO  o.a.m.s.f.DefaultMavenResourcesFiltering - Copying 1 resource from src\main\resources to target\classes
2024-06-09 18:29:02,610 [Worker-24: Building] INFO  o.a.m.s.f.DefaultMavenResourcesFiltering - Copying 0 resource from src\main\resources to target\classes
2024-06-09 18:29:02,613 [Worker-24: Building] INFO  o.a.m.s.f.DefaultMavenResourcesFiltering - skip non existing resourceDirectory E:\CIBERTEC\CICLO IV\Lenguaje de progrmacion II\Laboratorio\LP2_CL1_NuñezPaucarHugo\src\test\resources
2024-06-09 18:29:33,685 [Worker-30: Building] INFO  o.a.m.s.f.DefaultMavenResourcesFiltering - Copying 1 resource from src\main\resources to target\classes
2024-06-09 18:29:33,691 [Worker-30: Building] INFO  o.a.m.s.f.DefaultMavenResourcesFiltering - Copying 0 resource from src\main\resources to target\classes
2024-06-09 18:29:33,694 [Worker-30: Building] INFO  o.a.m.s.f.DefaultMavenResourcesFiltering - skip non existing resourceDirectory E:\CIBERTEC\CICLO IV\Lenguaje de progrmacion II\Laboratorio\LP2_CL1_NuñezPaucarHugo\src\test\resources
2024-06-09 18:29:51,481 [Worker-27: Building] INFO  o.a.m.s.f.DefaultMavenResourcesFiltering - Copying 1 resource from src\main\resources to target\classes
2024-06-09 18:29:51,487 [Worker-27: Building] INFO  o.a.m.s.f.DefaultMavenResourcesFiltering - Copying 0 resource from src\main\resources to target\classes
2024-06-09 18:29:51,491 [Worker-27: Building] INFO  o.a.m.s.f.DefaultMavenResourcesFiltering - skip non existing resourceDirectory E:\CIBERTEC\CICLO IV\Lenguaje de progrmacion II\Laboratorio\LP2_CL1_NuñezPaucarHugo\src\test\resources
2024-06-09 18:29:59,475 [Worker-24: Building] INFO  o.a.m.s.f.DefaultMavenResourcesFiltering - Copying 1 resource from src\main\resources to target\classes
2024-06-09 18:29:59,812 [Worker-24: Building] INFO  o.a.m.s.f.DefaultMavenResourcesFiltering - Copying 0 resource from src\main\resources to target\classes
2024-06-09 18:29:59,815 [Worker-24: Building] INFO  o.a.m.s.f.DefaultMavenResourcesFiltering - skip non existing resourceDirectory E:\CIBERTEC\CICLO IV\Lenguaje de progrmacion II\Laboratorio\LP2_CL1_NuñezPaucarHugo\src\test\resources
2024-06-09 18:30:10,801 [Worker-28: Building] INFO  o.a.m.s.f.DefaultMavenResourcesFiltering - Copying 1 resource from src\main\resources to target\classes
2024-06-09 18:30:10,855 [Worker-28: Building] INFO  o.a.m.s.f.DefaultMavenResourcesFiltering - Copying 0 resource from src\main\resources to target\classes
2024-06-09 18:30:10,858 [Worker-28: Building] INFO  o.a.m.s.f.DefaultMavenResourcesFiltering - skip non existing resourceDirectory E:\CIBERTEC\CICLO IV\Lenguaje de progrmacion II\Laboratorio\LP2_CL1_NuñezPaucarHugo\src\test\resources
2024-06-09 18:30:13,252 [Worker-27: Building] INFO  o.a.m.s.f.DefaultMavenResourcesFiltering - Copying 1 resource from src\main\resources to target\classes
2024-06-09 18:30:13,314 [Worker-27: Building] INFO  o.a.m.s.f.DefaultMavenResourcesFiltering - Copying 0 resource from src\main\resources to target\classes
2024-06-09 18:30:13,317 [Worker-27: Building] INFO  o.a.m.s.f.DefaultMavenResourcesFiltering - skip non existing resourceDirectory E:\CIBERTEC\CICLO IV\Lenguaje de progrmacion II\Laboratorio\LP2_CL1_NuñezPaucarHugo\src\test\resources
2024-06-09 18:30:56,881 [Worker-24: Building] INFO  o.a.m.s.f.DefaultMavenResourcesFiltering - Copying 1 resource from src\main\resources to target\classes
2024-06-09 18:30:56,944 [Worker-24: Building] INFO  o.a.m.s.f.DefaultMavenResourcesFiltering - Copying 0 resource from src\main\resources to target\classes
2024-06-09 18:30:56,949 [Worker-24: Building] INFO  o.a.m.s.f.DefaultMavenResourcesFiltering - skip non existing resourceDirectory E:\CIBERTEC\CICLO IV\Lenguaje de progrmacion II\Laboratorio\LP2_CL1_NuñezPaucarHugo\src\test\resources
2024-06-09 18:31:08,639 [Worker-27: Building] INFO  o.a.m.s.f.DefaultMavenResourcesFiltering - Copying 1 resource from src\main\resources to target\classes
2024-06-09 18:31:08,768 [Worker-27: Building] INFO  o.a.m.s.f.DefaultMavenResourcesFiltering - Copying 0 resource from src\main\resources to target\classes
2024-06-09 18:31:08,771 [Worker-27: Building] INFO  o.a.m.s.f.DefaultMavenResourcesFiltering - skip non existing resourceDirectory E:\CIBERTEC\CICLO IV\Lenguaje de progrmacion II\Laboratorio\LP2_CL1_NuñezPaucarHugo\src\test\resources
2024-06-09 18:31:17,665 [Worker-28: Building] INFO  o.a.m.s.f.DefaultMavenResourcesFiltering - Copying 1 resource from src\main\resources to target\classes
2024-06-09 18:31:17,952 [Worker-28: Building] INFO  o.a.m.s.f.DefaultMavenResourcesFiltering - Copying 0 resource from src\main\resources to target\classes
2024-06-09 18:31:17,956 [Worker-28: Building] INFO  o.a.m.s.f.DefaultMavenResourcesFiltering - skip non existing resourceDirectory E:\CIBERTEC\CICLO IV\Lenguaje de progrmacion II\Laboratorio\LP2_CL1_NuñezPaucarHugo\src\test\resources
2024-06-09 18:32:20,116 [Worker-28: Building] INFO  o.a.m.s.f.DefaultMavenResourcesFiltering - Copying 1 resource from src\main\resources to target\classes
2024-06-09 18:32:20,249 [Worker-28: Building] INFO  o.a.m.s.f.DefaultMavenResourcesFiltering - Copying 0 resource from src\main\resources to target\classes
2024-06-09 18:32:20,251 [Worker-28: Building] INFO  o.a.m.s.f.DefaultMavenResourcesFiltering - skip non existing resourceDirectory E:\CIBERTEC\CICLO IV\Lenguaje de progrmacion II\Laboratorio\LP2_CL1_NuñezPaucarHugo\src\test\resources
2024-06-09 18:34:35,931 [Worker-32: Building] INFO  o.a.m.s.f.DefaultMavenResourcesFiltering - Copying 1 resource from src\main\resources to target\classes
2024-06-09 18:34:36,227 [Worker-32: Building] INFO  o.a.m.s.f.DefaultMavenResourcesFiltering - Copying 0 resource from src\main\resources to target\classes
2024-06-09 18:34:36,235 [Worker-32: Building] INFO  o.a.m.s.f.DefaultMavenResourcesFiltering - skip non existing resourceDirectory E:\CIBERTEC\CICLO IV\Lenguaje de progrmacion II\Laboratorio\LP2_CL1_NuñezPaucarHugo\src\test\resources
2024-06-09 18:36:29,523 [Worker-32: Building] INFO  o.a.m.s.f.DefaultMavenResourcesFiltering - Copying 1 resource from src\main\resources to target\classes
2024-06-09 18:36:29,541 [Worker-32: Building] INFO  o.a.m.s.f.DefaultMavenResourcesFiltering - Copying 0 resource from src\main\resources to target\classes
2024-06-09 18:36:29,546 [Worker-32: Building] INFO  o.a.m.s.f.DefaultMavenResourcesFiltering - skip non existing resourceDirectory E:\CIBERTEC\CICLO IV\Lenguaje de progrmacion II\Laboratorio\LP2_CL1_NuñezPaucarHugo\src\test\resources
2024-06-09 18:48:13,579 [Worker-30: Building] INFO  o.a.m.s.f.DefaultMavenResourcesFiltering - Copying 1 resource from src\main\resources to target\classes
2024-06-09 18:48:13,619 [Worker-30: Building] INFO  o.a.m.s.f.DefaultMavenResourcesFiltering - Copying 0 resource from src\main\resources to target\classes
2024-06-09 18:48:13,622 [Worker-30: Building] INFO  o.a.m.s.f.DefaultMavenResourcesFiltering - skip non existing resourceDirectory E:\CIBERTEC\CICLO IV\Lenguaje de progrmacion II\Laboratorio\LP2_CL1_NuñezPaucarHugo\src\test\resources
2024-06-09 19:17:46,094 [Worker-41: Building] INFO  o.a.m.s.f.DefaultMavenResourcesFiltering - Copying 1 resource from src\main\resources to target\classes
2024-06-09 19:17:46,319 [Worker-41: Building] INFO  o.a.m.s.f.DefaultMavenResourcesFiltering - Copying 0 resource from src\main\resources to target\classes
2024-06-09 19:17:46,323 [Worker-41: Building] INFO  o.a.m.s.f.DefaultMavenResourcesFiltering - skip non existing resourceDirectory E:\CIBERTEC\CICLO IV\Lenguaje de progrmacion II\Laboratorio\LP2_CL1_NuñezPaucarHugo\src\test\resources
2024-06-09 19:18:00,753 [Worker-43: Building] INFO  o.a.m.s.f.DefaultMavenResourcesFiltering - Copying 1 resource from src\main\resources to target\classes
2024-06-09 19:18:00,759 [Worker-43: Building] INFO  o.a.m.s.f.DefaultMavenResourcesFiltering - Copying 0 resource from src\main\resources to target\classes
2024-06-09 19:18:00,762 [Worker-43: Building] INFO  o.a.m.s.f.DefaultMavenResourcesFiltering - skip non existing resourceDirectory E:\CIBERTEC\CICLO IV\Lenguaje de progrmacion II\Laboratorio\LP2_CL1_NuñezPaucarHugo\src\test\resources
2024-06-09 19:18:02,207 [Worker-42: Building] INFO  o.a.m.s.f.DefaultMavenResourcesFiltering - Copying 1 resource from src\main\resources to target\classes
2024-06-09 19:18:02,269 [Worker-42: Building] INFO  o.a.m.s.f.DefaultMavenResourcesFiltering - Copying 0 resource from src\main\resources to target\classes
2024-06-09 19:18:02,272 [Worker-42: Building] INFO  o.a.m.s.f.DefaultMavenResourcesFiltering - skip non existing resourceDirectory E:\CIBERTEC\CICLO IV\Lenguaje de progrmacion II\Laboratorio\LP2_CL1_NuñezPaucarHugo\src\test\resources
2024-06-09 19:18:53,266 [Worker-42: Building] INFO  o.a.m.s.f.DefaultMavenResourcesFiltering - Copying 1 resource from src\main\resources to target\classes
2024-06-09 19:18:53,275 [Worker-42: Building] INFO  o.a.m.s.f.DefaultMavenResourcesFiltering - Copying 0 resource from src\main\resources to target\classes
2024-06-09 19:18:53,279 [Worker-42: Building] INFO  o.a.m.s.f.DefaultMavenResourcesFiltering - skip non existing resourceDirectory E:\CIBERTEC\CICLO IV\Lenguaje de progrmacion II\Laboratorio\LP2_CL1_NuñezPaucarHugo\src\test\resources
